<?xml version='1.0' encoding='UTF-8'?>
<testsuite hostname="julie-HP-Pavilion-TS-14-Notebook-PC" name="com.tp.spark.core.Ex1UserMiningSpec" tests="3" errors="0" failures="0" skipped="0" time="17.862" timestamp="2022-03-04T15:07:01">
          <properties>
[...]
</properties>
          <testcase classname="com.tp.spark.core.Ex1UserMiningSpec" name="should count the number of couple (user, tweets)" time="14.25">
                      
                    </testcase><testcase classname="com.tp.spark.core.Ex1UserMiningSpec" name="tweetByUserNumber should count the number of tweets by user" time="2.354">
                      
                    </testcase><testcase classname="com.tp.spark.core.Ex1UserMiningSpec" name="should return the top ten twitterers" time="1.258">
                      
                    </testcase>
          <system-out><![CDATA[]]></system-out>
          <system-err><![CDATA[]]></system-err>
        </testsuite>