<?xml version='1.0' encoding='UTF-8'?>
<testsuite hostname="DESKTOP-2UK68HT" name="com.tp.spark.core.Ex1UserMiningSpec" tests="3" errors="0" failures="0" skipped="0" time="34.427" timestamp="2022-03-24T14:53:44">
          <properties>
[...]
</properties>
          <testcase classname="com.tp.spark.core.Ex1UserMiningSpec" name="should count the number of couple (user, tweets)" time="28.327">
                      
                    </testcase><testcase classname="com.tp.spark.core.Ex1UserMiningSpec" name="tweetByUserNumber should count the number of tweets by user" time="3.175">
                      
                    </testcase><testcase classname="com.tp.spark.core.Ex1UserMiningSpec" name="should return the top ten twitterers" time="2.925">
                      
                    </testcase>
          <system-out><![CDATA[]]></system-out>
          <system-err><![CDATA[]]></system-err>
        </testsuite>